express-validator: requires to express-validator/check are deprecated.You should just use require("express-validator") instead.
/home/ftsurncp/pakistanbranding.com/controllers/index.js:81
              arr[i][arr[i].length - 1]?.createdAt &&
                                        ^

SyntaxError: Unexpected token .
    at Module._compile (internal/modules/cjs/loader.js:723:23)
    at Object.Module._extensions..js (internal/modules/cjs/loader.js:789:10)
    at Module.load (internal/modules/cjs/loader.js:653:32)
    at tryModuleLoad (internal/modules/cjs/loader.js:593:12)
    at Function.Module._load (internal/modules/cjs/loader.js:585:3)
    at Module.require (internal/modules/cjs/loader.js:692:17)
    at require (internal/modules/cjs/helpers.js:25:18)
    at Object.<anonymous> (/home/ftsurncp/pakistanbranding.com/routes/index.js:206:5)
    at Module._compile (internal/modules/cjs/loader.js:778:30)
    at Object.Module._extensions..js (internal/modules/cjs/loader.js:789:10)
    at Module.load (internal/modules/cjs/loader.js:653:32)
    at tryModuleLoad (internal/modules/cjs/loader.js:593:12)
    at Function.Module._load (internal/modules/cjs/loader.js:585:3)
    at Module.require (internal/modules/cjs/loader.js:692:17)
    at require (internal/modules/cjs/helpers.js:25:18)
    at Object.<anonymous> (/home/ftsurncp/pakistanbranding.com/app.js:29:15)
express-validator: requires to express-validator/check are deprecated.You should just use require("express-validator") instead.
/home/ftsurncp/pakistanbranding.com/controllers/index.js:81
              arr[i][arr[i].length - 1]?.createdAt &&
                                        ^

SyntaxError: Unexpected token .
    at Module._compile (internal/modules/cjs/loader.js:723:23)
    at Object.Module._extensions..js (internal/modules/cjs/loader.js:789:10)
    at Module.load (internal/modules/cjs/loader.js:653:32)
    at tryModuleLoad (internal/modules/cjs/loader.js:593:12)
    at Function.Module._load (internal/modules/cjs/loader.js:585:3)
    at Module.require (internal/modules/cjs/loader.js:692:17)
    at require (internal/modules/cjs/helpers.js:25:18)
    at Object.<anonymous> (/home/ftsurncp/pakistanbranding.com/routes/index.js:206:5)
    at Module._compile (internal/modules/cjs/loader.js:778:30)
    at Object.Module._extensions..js (internal/modules/cjs/loader.js:789:10)
    at Module.load (internal/modules/cjs/loader.js:653:32)
    at tryModuleLoad (internal/modules/cjs/loader.js:593:12)
    at Function.Module._load (internal/modules/cjs/loader.js:585:3)
    at Module.require (internal/modules/cjs/loader.js:692:17)
    at require (internal/modules/cjs/helpers.js:25:18)
    at Object.<anonymous> (/home/ftsurncp/pakistanbranding.com/app.js:29:15)
internal/modules/cjs/loader.js:638
    throw err;
    ^

Error: Cannot find module 'dotenv'
    at Function.Module._resolveFilename (internal/modules/cjs/loader.js:636:15)
    at Function.Module._load (internal/modules/cjs/loader.js:562:25)
    at Module.require (internal/modules/cjs/loader.js:692:17)
    at require (internal/modules/cjs/helpers.js:25:18)
    at Object.<anonymous> (/home/ftsurncp/pakistanbranding.com/app.js:1:1)
    at Module._compile (internal/modules/cjs/loader.js:778:30)
    at Object.Module._extensions..js (internal/modules/cjs/loader.js:789:10)
    at Module.load (internal/modules/cjs/loader.js:653:32)
    at tryModuleLoad (internal/modules/cjs/loader.js:593:12)
    at Function.Module._load (internal/modules/cjs/loader.js:585:3)
internal/modules/cjs/loader.js:638
    throw err;
    ^

Error: Cannot find module 'dotenv'
    at Function.Module._resolveFilename (internal/modules/cjs/loader.js:636:15)
    at Function.Module._load (internal/modules/cjs/loader.js:562:25)
    at Module.require (internal/modules/cjs/loader.js:692:17)
    at require (internal/modules/cjs/helpers.js:25:18)
    at Object.<anonymous> (/home/ftsurncp/pakistanbranding.com/app.js:1:1)
    at Module._compile (internal/modules/cjs/loader.js:778:30)
    at Object.Module._extensions..js (internal/modules/cjs/loader.js:789:10)
    at Module.load (internal/modules/cjs/loader.js:653:32)
    at tryModuleLoad (internal/modules/cjs/loader.js:593:12)
    at Function.Module._load (internal/modules/cjs/loader.js:585:3)
internal/modules/cjs/loader.js:638
    throw err;
    ^

Error: Cannot find module 'dotenv'
    at Function.Module._resolveFilename (internal/modules/cjs/loader.js:636:15)
    at Function.Module._load (internal/modules/cjs/loader.js:562:25)
    at Module.require (internal/modules/cjs/loader.js:692:17)
    at require (internal/modules/cjs/helpers.js:25:18)
    at Object.<anonymous> (/home/ftsurncp/pakistanbranding.com/app.js:1:1)
    at Module._compile (internal/modules/cjs/loader.js:778:30)
    at Object.Module._extensions..js (internal/modules/cjs/loader.js:789:10)
    at Module.load (internal/modules/cjs/loader.js:653:32)
    at tryModuleLoad (internal/modules/cjs/loader.js:593:12)
    at Function.Module._load (internal/modules/cjs/loader.js:585:3)
internal/modules/cjs/loader.js:638
    throw err;
    ^

Error: Cannot find module 'dotenv'
    at Function.Module._resolveFilename (internal/modules/cjs/loader.js:636:15)
    at Function.Module._load (internal/modules/cjs/loader.js:562:25)
    at Module.require (internal/modules/cjs/loader.js:692:17)
    at require (internal/modules/cjs/helpers.js:25:18)
    at Object.<anonymous> (/home/ftsurncp/pakistanbranding.com/app.js:1:1)
    at Module._compile (internal/modules/cjs/loader.js:778:30)
    at Object.Module._extensions..js (internal/modules/cjs/loader.js:789:10)
    at Module.load (internal/modules/cjs/loader.js:653:32)
    at tryModuleLoad (internal/modules/cjs/loader.js:593:12)
    at Function.Module._load (internal/modules/cjs/loader.js:585:3)
internal/modules/cjs/loader.js:638
    throw err;
    ^

Error: Cannot find module 'dotenv'
    at Function.Module._resolveFilename (internal/modules/cjs/loader.js:636:15)
    at Function.Module._load (internal/modules/cjs/loader.js:562:25)
    at Module.require (internal/modules/cjs/loader.js:692:17)
    at require (internal/modules/cjs/helpers.js:25:18)
    at Object.<anonymous> (/home/ftsurncp/pakistanbranding.com/app.js:1:1)
    at Module._compile (internal/modules/cjs/loader.js:778:30)
    at Object.Module._extensions..js (internal/modules/cjs/loader.js:789:10)
    at Module.load (internal/modules/cjs/loader.js:653:32)
    at tryModuleLoad (internal/modules/cjs/loader.js:593:12)
    at Function.Module._load (internal/modules/cjs/loader.js:585:3)
internal/modules/cjs/loader.js:638
    throw err;
    ^

Error: Cannot find module 'dotenv'
    at Function.Module._resolveFilename (internal/modules/cjs/loader.js:636:15)
    at Function.Module._load (internal/modules/cjs/loader.js:562:25)
    at Module.require (internal/modules/cjs/loader.js:692:17)
    at require (internal/modules/cjs/helpers.js:25:18)
    at Object.<anonymous> (/home/ftsurncp/pakistanbranding.com/app.js:1:1)
    at Module._compile (internal/modules/cjs/loader.js:778:30)
    at Object.Module._extensions..js (internal/modules/cjs/loader.js:789:10)
    at Module.load (internal/modules/cjs/loader.js:653:32)
    at tryModuleLoad (internal/modules/cjs/loader.js:593:12)
    at Function.Module._load (internal/modules/cjs/loader.js:585:3)
express-validator: requires to express-validator/check are deprecated.You should just use require("express-validator") instead.
/home/ftsurncp/pakistanbranding.com/controllers/index.js:81
              arr[i][arr[i].length - 1]?.createdAt &&
                                        ^

SyntaxError: Unexpected token .
    at Module._compile (internal/modules/cjs/loader.js:723:23)
    at Object.Module._extensions..js (internal/modules/cjs/loader.js:789:10)
    at Module.load (internal/modules/cjs/loader.js:653:32)
    at tryModuleLoad (internal/modules/cjs/loader.js:593:12)
    at Function.Module._load (internal/modules/cjs/loader.js:585:3)
    at Module.require (internal/modules/cjs/loader.js:692:17)
    at require (internal/modules/cjs/helpers.js:25:18)
    at Object.<anonymous> (/home/ftsurncp/pakistanbranding.com/routes/index.js:206:5)
    at Module._compile (internal/modules/cjs/loader.js:778:30)
    at Object.Module._extensions..js (internal/modules/cjs/loader.js:789:10)
    at Module.load (internal/modules/cjs/loader.js:653:32)
    at tryModuleLoad (internal/modules/cjs/loader.js:593:12)
    at Function.Module._load (internal/modules/cjs/loader.js:585:3)
    at Module.require (internal/modules/cjs/loader.js:692:17)
    at require (internal/modules/cjs/helpers.js:25:18)
    at Object.<anonymous> (/home/ftsurncp/pakistanbranding.com/app.js:29:15)
express-validator: requires to express-validator/check are deprecated.You should just use require("express-validator") instead.
/home/ftsurncp/pakistanbranding.com/controllers/index.js:81
              arr[i][arr[i].length - 1]?.createdAt &&
                                        ^

SyntaxError: Unexpected token .
    at Module._compile (internal/modules/cjs/loader.js:723:23)
    at Object.Module._extensions..js (internal/modules/cjs/loader.js:789:10)
    at Module.load (internal/modules/cjs/loader.js:653:32)
    at tryModuleLoad (internal/modules/cjs/loader.js:593:12)
    at Function.Module._load (internal/modules/cjs/loader.js:585:3)
    at Module.require (internal/modules/cjs/loader.js:692:17)
    at require (internal/modules/cjs/helpers.js:25:18)
    at Object.<anonymous> (/home/ftsurncp/pakistanbranding.com/routes/index.js:206:5)
    at Module._compile (internal/modules/cjs/loader.js:778:30)
    at Object.Module._extensions..js (internal/modules/cjs/loader.js:789:10)
    at Module.load (internal/modules/cjs/loader.js:653:32)
    at tryModuleLoad (internal/modules/cjs/loader.js:593:12)
    at Function.Module._load (internal/modules/cjs/loader.js:585:3)
    at Module.require (internal/modules/cjs/loader.js:692:17)
    at require (internal/modules/cjs/helpers.js:25:18)
    at Object.<anonymous> (/home/ftsurncp/pakistanbranding.com/app.js:29:15)
express-validator: requires to express-validator/check are deprecated.You should just use require("express-validator") instead.
/home/ftsurncp/pakistanbranding.com/controllers/index.js:81
              arr[i][arr[i].length - 1]?.createdAt &&
                                        ^

SyntaxError: Unexpected token .
    at Module._compile (internal/modules/cjs/loader.js:723:23)
    at Object.Module._extensions..js (internal/modules/cjs/loader.js:789:10)
    at Module.load (internal/modules/cjs/loader.js:653:32)
    at tryModuleLoad (internal/modules/cjs/loader.js:593:12)
    at Function.Module._load (internal/modules/cjs/loader.js:585:3)
    at Module.require (internal/modules/cjs/loader.js:692:17)
    at require (internal/modules/cjs/helpers.js:25:18)
    at Object.<anonymous> (/home/ftsurncp/pakistanbranding.com/routes/index.js:206:5)
    at Module._compile (internal/modules/cjs/loader.js:778:30)
    at Object.Module._extensions..js (internal/modules/cjs/loader.js:789:10)
    at Module.load (internal/modules/cjs/loader.js:653:32)
    at tryModuleLoad (internal/modules/cjs/loader.js:593:12)
    at Function.Module._load (internal/modules/cjs/loader.js:585:3)
    at Module.require (internal/modules/cjs/loader.js:692:17)
    at require (internal/modules/cjs/helpers.js:25:18)
    at Object.<anonymous> (/home/ftsurncp/pakistanbranding.com/app.js:29:15)
express-validator: requires to express-validator/check are deprecated.You should just use require("express-validator") instead.
/home/ftsurncp/pakistanbranding.com/controllers/index.js:81
              arr[i][arr[i].length - 1]?.createdAt &&
                                        ^

SyntaxError: Unexpected token .
    at Module._compile (internal/modules/cjs/loader.js:723:23)
    at Object.Module._extensions..js (internal/modules/cjs/loader.js:789:10)
    at Module.load (internal/modules/cjs/loader.js:653:32)
    at tryModuleLoad (internal/modules/cjs/loader.js:593:12)
    at Function.Module._load (internal/modules/cjs/loader.js:585:3)
    at Module.require (internal/modules/cjs/loader.js:692:17)
    at require (internal/modules/cjs/helpers.js:25:18)
    at Object.<anonymous> (/home/ftsurncp/pakistanbranding.com/routes/index.js:206:5)
    at Module._compile (internal/modules/cjs/loader.js:778:30)
    at Object.Module._extensions..js (internal/modules/cjs/loader.js:789:10)
    at Module.load (internal/modules/cjs/loader.js:653:32)
    at tryModuleLoad (internal/modules/cjs/loader.js:593:12)
    at Function.Module._load (internal/modules/cjs/loader.js:585:3)
    at Module.require (internal/modules/cjs/loader.js:692:17)
    at require (internal/modules/cjs/helpers.js:25:18)
    at Object.<anonymous> (/home/ftsurncp/pakistanbranding.com/app.js:29:15)
express-validator: requires to express-validator/check are deprecated.You should just use require("express-validator") instead.
/home/ftsurncp/pakistanbranding.com/controllers/index.js:81
              arr[i][arr[i].length - 1]?.createdAt &&
                                        ^

SyntaxError: Unexpected token .
    at Module._compile (internal/modules/cjs/loader.js:723:23)
    at Object.Module._extensions..js (internal/modules/cjs/loader.js:789:10)
    at Module.load (internal/modules/cjs/loader.js:653:32)
    at tryModuleLoad (internal/modules/cjs/loader.js:593:12)
    at Function.Module._load (internal/modules/cjs/loader.js:585:3)
    at Module.require (internal/modules/cjs/loader.js:692:17)
    at require (internal/modules/cjs/helpers.js:25:18)
    at Object.<anonymous> (/home/ftsurncp/pakistanbranding.com/routes/index.js:206:5)
    at Module._compile (internal/modules/cjs/loader.js:778:30)
    at Object.Module._extensions..js (internal/modules/cjs/loader.js:789:10)
    at Module.load (internal/modules/cjs/loader.js:653:32)
    at tryModuleLoad (internal/modules/cjs/loader.js:593:12)
    at Function.Module._load (internal/modules/cjs/loader.js:585:3)
    at Module.require (internal/modules/cjs/loader.js:692:17)
    at require (internal/modules/cjs/helpers.js:25:18)
    at Object.<anonymous> (/home/ftsurncp/pakistanbranding.com/app.js:29:15)
express-validator: requires to express-validator/check are deprecated.You should just use require("express-validator") instead.
/home/ftsurncp/pakistanbranding.com/controllers/index.js:81
              arr[i][arr[i].length - 1]?.createdAt &&
                                        ^

SyntaxError: Unexpected token .
    at Module._compile (internal/modules/cjs/loader.js:723:23)
    at Object.Module._extensions..js (internal/modules/cjs/loader.js:789:10)
    at Module.load (internal/modules/cjs/loader.js:653:32)
    at tryModuleLoad (internal/modules/cjs/loader.js:593:12)
    at Function.Module._load (internal/modules/cjs/loader.js:585:3)
    at Module.require (internal/modules/cjs/loader.js:692:17)
    at require (internal/modules/cjs/helpers.js:25:18)
    at Object.<anonymous> (/home/ftsurncp/pakistanbranding.com/routes/index.js:206:5)
    at Module._compile (internal/modules/cjs/loader.js:778:30)
    at Object.Module._extensions..js (internal/modules/cjs/loader.js:789:10)
    at Module.load (internal/modules/cjs/loader.js:653:32)
    at tryModuleLoad (internal/modules/cjs/loader.js:593:12)
    at Function.Module._load (internal/modules/cjs/loader.js:585:3)
    at Module.require (internal/modules/cjs/loader.js:692:17)
    at require (internal/modules/cjs/helpers.js:25:18)
    at Object.<anonymous> (/home/ftsurncp/pakistanbranding.com/app.js:29:15)
express-validator: requires to express-validator/check are deprecated.You should just use require("express-validator") instead.
/home/ftsurncp/pakistanbranding.com/controllers/index.js:81
              arr[i][arr[i].length - 1]?.createdAt &&
                                        ^

SyntaxError: Unexpected token .
    at Module._compile (internal/modules/cjs/loader.js:723:23)
    at Object.Module._extensions..js (internal/modules/cjs/loader.js:789:10)
    at Module.load (internal/modules/cjs/loader.js:653:32)
    at tryModuleLoad (internal/modules/cjs/loader.js:593:12)
    at Function.Module._load (internal/modules/cjs/loader.js:585:3)
    at Module.require (internal/modules/cjs/loader.js:692:17)
    at require (internal/modules/cjs/helpers.js:25:18)
    at Object.<anonymous> (/home/ftsurncp/pakistanbranding.com/routes/index.js:206:5)
    at Module._compile (internal/modules/cjs/loader.js:778:30)
    at Object.Module._extensions..js (internal/modules/cjs/loader.js:789:10)
    at Module.load (internal/modules/cjs/loader.js:653:32)
    at tryModuleLoad (internal/modules/cjs/loader.js:593:12)
    at Function.Module._load (internal/modules/cjs/loader.js:585:3)
    at Module.require (internal/modules/cjs/loader.js:692:17)
    at require (internal/modules/cjs/helpers.js:25:18)
    at Object.<anonymous> (/home/ftsurncp/pakistanbranding.com/app.js:29:15)
express-validator: requires to express-validator/check are deprecated.You should just use require("express-validator") instead.
/home/ftsurncp/pakistanbranding.com/controllers/index.js:81
              arr[i][arr[i].length - 1]?.createdAt &&
                                        ^

SyntaxError: Unexpected token .
    at Module._compile (internal/modules/cjs/loader.js:723:23)
    at Object.Module._extensions..js (internal/modules/cjs/loader.js:789:10)
    at Module.load (internal/modules/cjs/loader.js:653:32)
    at tryModuleLoad (internal/modules/cjs/loader.js:593:12)
    at Function.Module._load (internal/modules/cjs/loader.js:585:3)
    at Module.require (internal/modules/cjs/loader.js:692:17)
    at require (internal/modules/cjs/helpers.js:25:18)
    at Object.<anonymous> (/home/ftsurncp/pakistanbranding.com/routes/index.js:206:5)
    at Module._compile (internal/modules/cjs/loader.js:778:30)
    at Object.Module._extensions..js (internal/modules/cjs/loader.js:789:10)
    at Module.load (internal/modules/cjs/loader.js:653:32)
    at tryModuleLoad (internal/modules/cjs/loader.js:593:12)
    at Function.Module._load (internal/modules/cjs/loader.js:585:3)
    at Module.require (internal/modules/cjs/loader.js:692:17)
    at require (internal/modules/cjs/helpers.js:25:18)
    at Object.<anonymous> (/home/ftsurncp/pakistanbranding.com/app.js:29:15)
internal/modules/cjs/loader.js:883
  throw err;
  ^

Error: Cannot find module 'dotenv'
Require stack:
- /home/ftsurncp/pakistanbranding.com/app.js
- /usr/local/lsws/fcgi-bin/lsnode.js
    at Function.Module._resolveFilename (internal/modules/cjs/loader.js:880:15)
    at Function.Module._load (internal/modules/cjs/loader.js:725:27)
    at Module.require (internal/modules/cjs/loader.js:952:19)
    at require (internal/modules/cjs/helpers.js:88:18)
    at Object.<anonymous> (/home/ftsurncp/pakistanbranding.com/app.js:1:1)
    at Module._compile (internal/modules/cjs/loader.js:1063:30)
    at Object.Module._extensions..js (internal/modules/cjs/loader.js:1092:10)
    at Module.load (internal/modules/cjs/loader.js:928:32)
    at Function.Module._load (internal/modules/cjs/loader.js:769:14)
    at Module.require (internal/modules/cjs/loader.js:952:19) {
  code: 'MODULE_NOT_FOUND',
  requireStack: [
    '/home/ftsurncp/pakistanbranding.com/app.js',
    '/usr/local/lsws/fcgi-bin/lsnode.js'
  ]
}
internal/modules/cjs/loader.js:883
  throw err;
  ^

Error: Cannot find module 'dotenv'
Require stack:
- /home/ftsurncp/pakistanbranding.com/app.js
- /usr/local/lsws/fcgi-bin/lsnode.js
    at Function.Module._resolveFilename (internal/modules/cjs/loader.js:880:15)
    at Function.Module._load (internal/modules/cjs/loader.js:725:27)
    at Module.require (internal/modules/cjs/loader.js:952:19)
    at require (internal/modules/cjs/helpers.js:88:18)
    at Object.<anonymous> (/home/ftsurncp/pakistanbranding.com/app.js:1:1)
    at Module._compile (internal/modules/cjs/loader.js:1063:30)
    at Object.Module._extensions..js (internal/modules/cjs/loader.js:1092:10)
    at Module.load (internal/modules/cjs/loader.js:928:32)
    at Function.Module._load (internal/modules/cjs/loader.js:769:14)
    at Module.require (internal/modules/cjs/loader.js:952:19) {
  code: 'MODULE_NOT_FOUND',
  requireStack: [
    '/home/ftsurncp/pakistanbranding.com/app.js',
    '/usr/local/lsws/fcgi-bin/lsnode.js'
  ]
}
internal/modules/cjs/loader.js:883
  throw err;
  ^

Error: Cannot find module 'dotenv'
Require stack:
- /home/ftsurncp/pakistanbranding.com/app.js
- /usr/local/lsws/fcgi-bin/lsnode.js
    at Function.Module._resolveFilename (internal/modules/cjs/loader.js:880:15)
    at Function.Module._load (internal/modules/cjs/loader.js:725:27)
    at Module.require (internal/modules/cjs/loader.js:952:19)
    at require (internal/modules/cjs/helpers.js:88:18)
    at Object.<anonymous> (/home/ftsurncp/pakistanbranding.com/app.js:1:1)
    at Module._compile (internal/modules/cjs/loader.js:1063:30)
    at Object.Module._extensions..js (internal/modules/cjs/loader.js:1092:10)
    at Module.load (internal/modules/cjs/loader.js:928:32)
    at Function.Module._load (internal/modules/cjs/loader.js:769:14)
    at Module.require (internal/modules/cjs/loader.js:952:19) {
  code: 'MODULE_NOT_FOUND',
  requireStack: [
    '/home/ftsurncp/pakistanbranding.com/app.js',
    '/usr/local/lsws/fcgi-bin/lsnode.js'
  ]
}
internal/modules/cjs/loader.js:883
  throw err;
  ^

Error: Cannot find module 'dotenv'
Require stack:
- /home/ftsurncp/pakistanbranding.com/app.js
- /usr/local/lsws/fcgi-bin/lsnode.js
    at Function.Module._resolveFilename (internal/modules/cjs/loader.js:880:15)
    at Function.Module._load (internal/modules/cjs/loader.js:725:27)
    at Module.require (internal/modules/cjs/loader.js:952:19)
    at require (internal/modules/cjs/helpers.js:88:18)
    at Object.<anonymous> (/home/ftsurncp/pakistanbranding.com/app.js:1:1)
    at Module._compile (internal/modules/cjs/loader.js:1063:30)
    at Object.Module._extensions..js (internal/modules/cjs/loader.js:1092:10)
    at Module.load (internal/modules/cjs/loader.js:928:32)
    at Function.Module._load (internal/modules/cjs/loader.js:769:14)
    at Module.require (internal/modules/cjs/loader.js:952:19) {
  code: 'MODULE_NOT_FOUND',
  requireStack: [
    '/home/ftsurncp/pakistanbranding.com/app.js',
    '/usr/local/lsws/fcgi-bin/lsnode.js'
  ]
}
internal/modules/cjs/loader.js:883
  throw err;
  ^

Error: Cannot find module 'dotenv'
Require stack:
- /home/ftsurncp/pakistanbranding.com/app.js
- /usr/local/lsws/fcgi-bin/lsnode.js
    at Function.Module._resolveFilename (internal/modules/cjs/loader.js:880:15)
    at Function.Module._load (internal/modules/cjs/loader.js:725:27)
    at Module.require (internal/modules/cjs/loader.js:952:19)
    at require (internal/modules/cjs/helpers.js:88:18)
    at Object.<anonymous> (/home/ftsurncp/pakistanbranding.com/app.js:1:1)
    at Module._compile (internal/modules/cjs/loader.js:1063:30)
    at Object.Module._extensions..js (internal/modules/cjs/loader.js:1092:10)
    at Module.load (internal/modules/cjs/loader.js:928:32)
    at Function.Module._load (internal/modules/cjs/loader.js:769:14)
    at Module.require (internal/modules/cjs/loader.js:952:19) {
  code: 'MODULE_NOT_FOUND',
  requireStack: [
    '/home/ftsurncp/pakistanbranding.com/app.js',
    '/usr/local/lsws/fcgi-bin/lsnode.js'
  ]
}
internal/modules/cjs/loader.js:883
  throw err;
  ^

Error: Cannot find module 'dotenv'
Require stack:
- /home/ftsurncp/pakistanbranding.com/app.js
- /usr/local/lsws/fcgi-bin/lsnode.js
    at Function.Module._resolveFilename (internal/modules/cjs/loader.js:880:15)
    at Function.Module._load (internal/modules/cjs/loader.js:725:27)
    at Module.require (internal/modules/cjs/loader.js:952:19)
    at require (internal/modules/cjs/helpers.js:88:18)
    at Object.<anonymous> (/home/ftsurncp/pakistanbranding.com/app.js:1:1)
    at Module._compile (internal/modules/cjs/loader.js:1063:30)
    at Object.Module._extensions..js (internal/modules/cjs/loader.js:1092:10)
    at Module.load (internal/modules/cjs/loader.js:928:32)
    at Function.Module._load (internal/modules/cjs/loader.js:769:14)
    at Module.require (internal/modules/cjs/loader.js:952:19) {
  code: 'MODULE_NOT_FOUND',
  requireStack: [
    '/home/ftsurncp/pakistanbranding.com/app.js',
    '/usr/local/lsws/fcgi-bin/lsnode.js'
  ]
}
internal/modules/cjs/loader.js:883
  throw err;
  ^

Error: Cannot find module 'dotenv'
Require stack:
- /home/ftsurncp/pakistanbranding.com/app.js
- /usr/local/lsws/fcgi-bin/lsnode.js
    at Function.Module._resolveFilename (internal/modules/cjs/loader.js:880:15)
    at Function.Module._load (internal/modules/cjs/loader.js:725:27)
    at Module.require (internal/modules/cjs/loader.js:952:19)
    at require (internal/modules/cjs/helpers.js:88:18)
    at Object.<anonymous> (/home/ftsurncp/pakistanbranding.com/app.js:1:1)
    at Module._compile (internal/modules/cjs/loader.js:1063:30)
    at Object.Module._extensions..js (internal/modules/cjs/loader.js:1092:10)
    at Module.load (internal/modules/cjs/loader.js:928:32)
    at Function.Module._load (internal/modules/cjs/loader.js:769:14)
    at Module.require (internal/modules/cjs/loader.js:952:19) {
  code: 'MODULE_NOT_FOUND',
  requireStack: [
    '/home/ftsurncp/pakistanbranding.com/app.js',
    '/usr/local/lsws/fcgi-bin/lsnode.js'
  ]
}
internal/modules/cjs/loader.js:883
  throw err;
  ^

Error: Cannot find module 'dotenv'
Require stack:
- /home/ftsurncp/pakistanbranding.com/app.js
- /usr/local/lsws/fcgi-bin/lsnode.js
    at Function.Module._resolveFilename (internal/modules/cjs/loader.js:880:15)
    at Function.Module._load (internal/modules/cjs/loader.js:725:27)
    at Module.require (internal/modules/cjs/loader.js:952:19)
    at require (internal/modules/cjs/helpers.js:88:18)
    at Object.<anonymous> (/home/ftsurncp/pakistanbranding.com/app.js:1:1)
    at Module._compile (internal/modules/cjs/loader.js:1063:30)
    at Object.Module._extensions..js (internal/modules/cjs/loader.js:1092:10)
    at Module.load (internal/modules/cjs/loader.js:928:32)
    at Function.Module._load (internal/modules/cjs/loader.js:769:14)
    at Module.require (internal/modules/cjs/loader.js:952:19) {
  code: 'MODULE_NOT_FOUND',
  requireStack: [
    '/home/ftsurncp/pakistanbranding.com/app.js',
    '/usr/local/lsws/fcgi-bin/lsnode.js'
  ]
}
internal/modules/cjs/loader.js:883
  throw err;
  ^

Error: Cannot find module 'dotenv'
Require stack:
- /home/ftsurncp/pakistanbranding.com/app.js
- /usr/local/lsws/fcgi-bin/lsnode.js
    at Function.Module._resolveFilename (internal/modules/cjs/loader.js:880:15)
    at Function.Module._load (internal/modules/cjs/loader.js:725:27)
    at Module.require (internal/modules/cjs/loader.js:952:19)
    at require (internal/modules/cjs/helpers.js:88:18)
    at Object.<anonymous> (/home/ftsurncp/pakistanbranding.com/app.js:1:1)
    at Module._compile (internal/modules/cjs/loader.js:1063:30)
    at Object.Module._extensions..js (internal/modules/cjs/loader.js:1092:10)
    at Module.load (internal/modules/cjs/loader.js:928:32)
    at Function.Module._load (internal/modules/cjs/loader.js:769:14)
    at Module.require (internal/modules/cjs/loader.js:952:19) {
  code: 'MODULE_NOT_FOUND',
  requireStack: [
    '/home/ftsurncp/pakistanbranding.com/app.js',
    '/usr/local/lsws/fcgi-bin/lsnode.js'
  ]
}
internal/modules/cjs/loader.js:883
  throw err;
  ^

Error: Cannot find module 'dotenv'
Require stack:
- /home/ftsurncp/pakistanbranding.com/app.js
- /usr/local/lsws/fcgi-bin/lsnode.js
    at Function.Module._resolveFilename (internal/modules/cjs/loader.js:880:15)
    at Function.Module._load (internal/modules/cjs/loader.js:725:27)
    at Module.require (internal/modules/cjs/loader.js:952:19)
    at require (internal/modules/cjs/helpers.js:88:18)
    at Object.<anonymous> (/home/ftsurncp/pakistanbranding.com/app.js:1:1)
    at Module._compile (internal/modules/cjs/loader.js:1063:30)
    at Object.Module._extensions..js (internal/modules/cjs/loader.js:1092:10)
    at Module.load (internal/modules/cjs/loader.js:928:32)
    at Function.Module._load (internal/modules/cjs/loader.js:769:14)
    at Module.require (internal/modules/cjs/loader.js:952:19) {
  code: 'MODULE_NOT_FOUND',
  requireStack: [
    '/home/ftsurncp/pakistanbranding.com/app.js',
    '/usr/local/lsws/fcgi-bin/lsnode.js'
  ]
}
internal/modules/cjs/loader.js:883
  throw err;
  ^

Error: Cannot find module 'dotenv'
Require stack:
- /home/ftsurncp/pakistanbranding.com/app.js
- /usr/local/lsws/fcgi-bin/lsnode.js
    at Function.Module._resolveFilename (internal/modules/cjs/loader.js:880:15)
    at Function.Module._load (internal/modules/cjs/loader.js:725:27)
    at Module.require (internal/modules/cjs/loader.js:952:19)
    at require (internal/modules/cjs/helpers.js:88:18)
    at Object.<anonymous> (/home/ftsurncp/pakistanbranding.com/app.js:1:1)
    at Module._compile (internal/modules/cjs/loader.js:1063:30)
    at Object.Module._extensions..js (internal/modules/cjs/loader.js:1092:10)
    at Module.load (internal/modules/cjs/loader.js:928:32)
    at Function.Module._load (internal/modules/cjs/loader.js:769:14)
    at Module.require (internal/modules/cjs/loader.js:952:19) {
  code: 'MODULE_NOT_FOUND',
  requireStack: [
    '/home/ftsurncp/pakistanbranding.com/app.js',
    '/usr/local/lsws/fcgi-bin/lsnode.js'
  ]
}
internal/modules/cjs/loader.js:883
  throw err;
  ^

Error: Cannot find module 'dotenv'
Require stack:
- /home/ftsurncp/pakistanbranding.com/app.js
- /usr/local/lsws/fcgi-bin/lsnode.js
    at Function.Module._resolveFilename (internal/modules/cjs/loader.js:880:15)
    at Function.Module._load (internal/modules/cjs/loader.js:725:27)
    at Module.require (internal/modules/cjs/loader.js:952:19)
    at require (internal/modules/cjs/helpers.js:88:18)
    at Object.<anonymous> (/home/ftsurncp/pakistanbranding.com/app.js:1:1)
    at Module._compile (internal/modules/cjs/loader.js:1063:30)
    at Object.Module._extensions..js (internal/modules/cjs/loader.js:1092:10)
    at Module.load (internal/modules/cjs/loader.js:928:32)
    at Function.Module._load (internal/modules/cjs/loader.js:769:14)
    at Module.require (internal/modules/cjs/loader.js:952:19) {
  code: 'MODULE_NOT_FOUND',
  requireStack: [
    '/home/ftsurncp/pakistanbranding.com/app.js',
    '/usr/local/lsws/fcgi-bin/lsnode.js'
  ]
}
internal/modules/cjs/loader.js:883
  throw err;
  ^

Error: Cannot find module 'dotenv'
Require stack:
- /home/ftsurncp/pakistanbranding.com/app.js
- /usr/local/lsws/fcgi-bin/lsnode.js
    at Function.Module._resolveFilename (internal/modules/cjs/loader.js:880:15)
    at Function.Module._load (internal/modules/cjs/loader.js:725:27)
    at Module.require (internal/modules/cjs/loader.js:952:19)
    at require (internal/modules/cjs/helpers.js:88:18)
    at Object.<anonymous> (/home/ftsurncp/pakistanbranding.com/app.js:1:1)
    at Module._compile (internal/modules/cjs/loader.js:1063:30)
    at Object.Module._extensions..js (internal/modules/cjs/loader.js:1092:10)
    at Module.load (internal/modules/cjs/loader.js:928:32)
    at Function.Module._load (internal/modules/cjs/loader.js:769:14)
    at Module.require (internal/modules/cjs/loader.js:952:19) {
  code: 'MODULE_NOT_FOUND',
  requireStack: [
    '/home/ftsurncp/pakistanbranding.com/app.js',
    '/usr/local/lsws/fcgi-bin/lsnode.js'
  ]
}
internal/modules/cjs/loader.js:883
  throw err;
  ^

Error: Cannot find module 'dotenv'
Require stack:
- /home/ftsurncp/pakistanbranding.com/app.js
- /usr/local/lsws/fcgi-bin/lsnode.js
    at Function.Module._resolveFilename (internal/modules/cjs/loader.js:880:15)
    at Function.Module._load (internal/modules/cjs/loader.js:725:27)
    at Module.require (internal/modules/cjs/loader.js:952:19)
    at require (internal/modules/cjs/helpers.js:88:18)
    at Object.<anonymous> (/home/ftsurncp/pakistanbranding.com/app.js:1:1)
    at Module._compile (internal/modules/cjs/loader.js:1063:30)
    at Object.Module._extensions..js (internal/modules/cjs/loader.js:1092:10)
    at Module.load (internal/modules/cjs/loader.js:928:32)
    at Function.Module._load (internal/modules/cjs/loader.js:769:14)
    at Module.require (internal/modules/cjs/loader.js:952:19) {
  code: 'MODULE_NOT_FOUND',
  requireStack: [
    '/home/ftsurncp/pakistanbranding.com/app.js',
    '/usr/local/lsws/fcgi-bin/lsnode.js'
  ]
}
express-validator: requires to express-validator/check are deprecated.You should just use require("express-validator") instead.
express-validator: requires to express-validator/check are deprecated.You should just use require("express-validator") instead.
/home/ftsurncp/pakistanbranding.com/controllers/index.js:81
              arr[i][arr[i].length - 1]?.createdAt &&
                                        ^

SyntaxError: Unexpected token .
    at Module._compile (internal/modules/cjs/loader.js:723:23)
    at Object.Module._extensions..js (internal/modules/cjs/loader.js:789:10)
    at Module.load (internal/modules/cjs/loader.js:653:32)
    at tryModuleLoad (internal/modules/cjs/loader.js:593:12)
    at Function.Module._load (internal/modules/cjs/loader.js:585:3)
    at Module.require (internal/modules/cjs/loader.js:692:17)
    at require (internal/modules/cjs/helpers.js:25:18)
    at Object.<anonymous> (/home/ftsurncp/pakistanbranding.com/routes/index.js:206:5)
    at Module._compile (internal/modules/cjs/loader.js:778:30)
    at Object.Module._extensions..js (internal/modules/cjs/loader.js:789:10)
    at Module.load (internal/modules/cjs/loader.js:653:32)
    at tryModuleLoad (internal/modules/cjs/loader.js:593:12)
    at Function.Module._load (internal/modules/cjs/loader.js:585:3)
    at Module.require (internal/modules/cjs/loader.js:692:17)
    at require (internal/modules/cjs/helpers.js:25:18)
    at Object.<anonymous> (/home/ftsurncp/pakistanbranding.com/app.js:29:15)
express-validator: requires to express-validator/check are deprecated.You should just use require("express-validator") instead.
/home/ftsurncp/pakistanbranding.com/controllers/index.js:81
              arr[i][arr[i].length - 1]?.createdAt &&
                                        ^

SyntaxError: Unexpected token .
    at Module._compile (internal/modules/cjs/loader.js:723:23)
    at Object.Module._extensions..js (internal/modules/cjs/loader.js:789:10)
    at Module.load (internal/modules/cjs/loader.js:653:32)
    at tryModuleLoad (internal/modules/cjs/loader.js:593:12)
    at Function.Module._load (internal/modules/cjs/loader.js:585:3)
    at Module.require (internal/modules/cjs/loader.js:692:17)
    at require (internal/modules/cjs/helpers.js:25:18)
    at Object.<anonymous> (/home/ftsurncp/pakistanbranding.com/routes/index.js:206:5)
    at Module._compile (internal/modules/cjs/loader.js:778:30)
    at Object.Module._extensions..js (internal/modules/cjs/loader.js:789:10)
    at Module.load (internal/modules/cjs/loader.js:653:32)
    at tryModuleLoad (internal/modules/cjs/loader.js:593:12)
    at Function.Module._load (internal/modules/cjs/loader.js:585:3)
    at Module.require (internal/modules/cjs/loader.js:692:17)
    at require (internal/modules/cjs/helpers.js:25:18)
    at Object.<anonymous> (/home/ftsurncp/pakistanbranding.com/app.js:29:15)
express-validator: requires to express-validator/check are deprecated.You should just use require("express-validator") instead.
/home/ftsurncp/pakistanbranding.com/controllers/index.js:81
              arr[i][arr[i].length - 1]?.createdAt &&
                                        ^

SyntaxError: Unexpected token .
    at Module._compile (internal/modules/cjs/loader.js:723:23)
    at Object.Module._extensions..js (internal/modules/cjs/loader.js:789:10)
    at Module.load (internal/modules/cjs/loader.js:653:32)
    at tryModuleLoad (internal/modules/cjs/loader.js:593:12)
    at Function.Module._load (internal/modules/cjs/loader.js:585:3)
    at Module.require (internal/modules/cjs/loader.js:692:17)
    at require (internal/modules/cjs/helpers.js:25:18)
    at Object.<anonymous> (/home/ftsurncp/pakistanbranding.com/routes/index.js:206:5)
    at Module._compile (internal/modules/cjs/loader.js:778:30)
    at Object.Module._extensions..js (internal/modules/cjs/loader.js:789:10)
    at Module.load (internal/modules/cjs/loader.js:653:32)
    at tryModuleLoad (internal/modules/cjs/loader.js:593:12)
    at Function.Module._load (internal/modules/cjs/loader.js:585:3)
    at Module.require (internal/modules/cjs/loader.js:692:17)
    at require (internal/modules/cjs/helpers.js:25:18)
    at Object.<anonymous> (/home/ftsurncp/pakistanbranding.com/app.js:29:15)
express-validator: requires to express-validator/check are deprecated.You should just use require("express-validator") instead.
/home/ftsurncp/pakistanbranding.com/controllers/index.js:81
              arr[i][arr[i].length - 1]?.createdAt &&
                                        ^

SyntaxError: Unexpected token .
    at Module._compile (internal/modules/cjs/loader.js:723:23)
    at Object.Module._extensions..js (internal/modules/cjs/loader.js:789:10)
    at Module.load (internal/modules/cjs/loader.js:653:32)
    at tryModuleLoad (internal/modules/cjs/loader.js:593:12)
    at Function.Module._load (internal/modules/cjs/loader.js:585:3)
    at Module.require (internal/modules/cjs/loader.js:692:17)
    at require (internal/modules/cjs/helpers.js:25:18)
    at Object.<anonymous> (/home/ftsurncp/pakistanbranding.com/routes/index.js:206:5)
    at Module._compile (internal/modules/cjs/loader.js:778:30)
    at Object.Module._extensions..js (internal/modules/cjs/loader.js:789:10)
    at Module.load (internal/modules/cjs/loader.js:653:32)
    at tryModuleLoad (internal/modules/cjs/loader.js:593:12)
    at Function.Module._load (internal/modules/cjs/loader.js:585:3)
    at Module.require (internal/modules/cjs/loader.js:692:17)
    at require (internal/modules/cjs/helpers.js:25:18)
    at Object.<anonymous> (/home/ftsurncp/pakistanbranding.com/app.js:29:15)
express-validator: requires to express-validator/check are deprecated.You should just use require("express-validator") instead.
/home/ftsurncp/pakistanbranding.com/controllers/index.js:81
              arr[i][arr[i].length - 1]?.createdAt &&
                                        ^

SyntaxError: Unexpected token .
    at Module._compile (internal/modules/cjs/loader.js:723:23)
    at Object.Module._extensions..js (internal/modules/cjs/loader.js:789:10)
    at Module.load (internal/modules/cjs/loader.js:653:32)
    at tryModuleLoad (internal/modules/cjs/loader.js:593:12)
    at Function.Module._load (internal/modules/cjs/loader.js:585:3)
    at Module.require (internal/modules/cjs/loader.js:692:17)
    at require (internal/modules/cjs/helpers.js:25:18)
    at Object.<anonymous> (/home/ftsurncp/pakistanbranding.com/routes/index.js:206:5)
    at Module._compile (internal/modules/cjs/loader.js:778:30)
    at Object.Module._extensions..js (internal/modules/cjs/loader.js:789:10)
    at Module.load (internal/modules/cjs/loader.js:653:32)
    at tryModuleLoad (internal/modules/cjs/loader.js:593:12)
    at Function.Module._load (internal/modules/cjs/loader.js:585:3)
    at Module.require (internal/modules/cjs/loader.js:692:17)
    at require (internal/modules/cjs/helpers.js:25:18)
    at Object.<anonymous> (/home/ftsurncp/pakistanbranding.com/app.js:29:15)
express-validator: requires to express-validator/check are deprecated.You should just use require("express-validator") instead.
/home/ftsurncp/pakistanbranding.com/controllers/index.js:81
              arr[i][arr[i].length - 1]?.createdAt &&
                                        ^

SyntaxError: Unexpected token .
    at Module._compile (internal/modules/cjs/loader.js:723:23)
    at Object.Module._extensions..js (internal/modules/cjs/loader.js:789:10)
    at Module.load (internal/modules/cjs/loader.js:653:32)
    at tryModuleLoad (internal/modules/cjs/loader.js:593:12)
    at Function.Module._load (internal/modules/cjs/loader.js:585:3)
    at Module.require (internal/modules/cjs/loader.js:692:17)
    at require (internal/modules/cjs/helpers.js:25:18)
    at Object.<anonymous> (/home/ftsurncp/pakistanbranding.com/routes/index.js:206:5)
    at Module._compile (internal/modules/cjs/loader.js:778:30)
    at Object.Module._extensions..js (internal/modules/cjs/loader.js:789:10)
    at Module.load (internal/modules/cjs/loader.js:653:32)
    at tryModuleLoad (internal/modules/cjs/loader.js:593:12)
    at Function.Module._load (internal/modules/cjs/loader.js:585:3)
    at Module.require (internal/modules/cjs/loader.js:692:17)
    at require (internal/modules/cjs/helpers.js:25:18)
    at Object.<anonymous> (/home/ftsurncp/pakistanbranding.com/app.js:29:15)
express-validator: requires to express-validator/check are deprecated.You should just use require("express-validator") instead.
/home/ftsurncp/pakistanbranding.com/controllers/index.js:81
              arr[i][arr[i].length - 1]?.createdAt &&
                                        ^

SyntaxError: Unexpected token .
    at Module._compile (internal/modules/cjs/loader.js:723:23)
    at Object.Module._extensions..js (internal/modules/cjs/loader.js:789:10)
    at Module.load (internal/modules/cjs/loader.js:653:32)
    at tryModuleLoad (internal/modules/cjs/loader.js:593:12)
    at Function.Module._load (internal/modules/cjs/loader.js:585:3)
    at Module.require (internal/modules/cjs/loader.js:692:17)
    at require (internal/modules/cjs/helpers.js:25:18)
    at Object.<anonymous> (/home/ftsurncp/pakistanbranding.com/routes/index.js:206:5)
    at Module._compile (internal/modules/cjs/loader.js:778:30)
    at Object.Module._extensions..js (internal/modules/cjs/loader.js:789:10)
    at Module.load (internal/modules/cjs/loader.js:653:32)
    at tryModuleLoad (internal/modules/cjs/loader.js:593:12)
    at Function.Module._load (internal/modules/cjs/loader.js:585:3)
    at Module.require (internal/modules/cjs/loader.js:692:17)
    at require (internal/modules/cjs/helpers.js:25:18)
    at Object.<anonymous> (/home/ftsurncp/pakistanbranding.com/app.js:29:15)
express-validator: requires to express-validator/check are deprecated.You should just use require("express-validator") instead.
/home/ftsurncp/pakistanbranding.com/controllers/index.js:81
              arr[i][arr[i].length - 1]?.createdAt &&
                                        ^

SyntaxError: Unexpected token .
    at Module._compile (internal/modules/cjs/loader.js:723:23)
    at Object.Module._extensions..js (internal/modules/cjs/loader.js:789:10)
    at Module.load (internal/modules/cjs/loader.js:653:32)
    at tryModuleLoad (internal/modules/cjs/loader.js:593:12)
    at Function.Module._load (internal/modules/cjs/loader.js:585:3)
    at Module.require (internal/modules/cjs/loader.js:692:17)
    at require (internal/modules/cjs/helpers.js:25:18)
    at Object.<anonymous> (/home/ftsurncp/pakistanbranding.com/routes/index.js:206:5)
    at Module._compile (internal/modules/cjs/loader.js:778:30)
    at Object.Module._extensions..js (internal/modules/cjs/loader.js:789:10)
    at Module.load (internal/modules/cjs/loader.js:653:32)
    at tryModuleLoad (internal/modules/cjs/loader.js:593:12)
    at Function.Module._load (internal/modules/cjs/loader.js:585:3)
    at Module.require (internal/modules/cjs/loader.js:692:17)
    at require (internal/modules/cjs/helpers.js:25:18)
    at Object.<anonymous> (/home/ftsurncp/pakistanbranding.com/app.js:29:15)
express-validator: requires to express-validator/check are deprecated.You should just use require("express-validator") instead.
/home/ftsurncp/pakistanbranding.com/controllers/index.js:81
              arr[i][arr[i].length - 1]?.createdAt &&
                                        ^

SyntaxError: Unexpected token .
    at Module._compile (internal/modules/cjs/loader.js:723:23)
    at Object.Module._extensions..js (internal/modules/cjs/loader.js:789:10)
    at Module.load (internal/modules/cjs/loader.js:653:32)
    at tryModuleLoad (internal/modules/cjs/loader.js:593:12)
    at Function.Module._load (internal/modules/cjs/loader.js:585:3)
    at Module.require (internal/modules/cjs/loader.js:692:17)
    at require (internal/modules/cjs/helpers.js:25:18)
    at Object.<anonymous> (/home/ftsurncp/pakistanbranding.com/routes/index.js:206:5)
    at Module._compile (internal/modules/cjs/loader.js:778:30)
    at Object.Module._extensions..js (internal/modules/cjs/loader.js:789:10)
    at Module.load (internal/modules/cjs/loader.js:653:32)
    at tryModuleLoad (internal/modules/cjs/loader.js:593:12)
    at Function.Module._load (internal/modules/cjs/loader.js:585:3)
    at Module.require (internal/modules/cjs/loader.js:692:17)
    at require (internal/modules/cjs/helpers.js:25:18)
    at Object.<anonymous> (/home/ftsurncp/pakistanbranding.com/app.js:29:15)
express-validator: requires to express-validator/check are deprecated.You should just use require("express-validator") instead.
/home/ftsurncp/pakistanbranding.com/controllers/index.js:81
              arr[i][arr[i].length - 1]?.createdAt &&
                                        ^

SyntaxError: Unexpected token .
    at Module._compile (internal/modules/cjs/loader.js:723:23)
    at Object.Module._extensions..js (internal/modules/cjs/loader.js:789:10)
    at Module.load (internal/modules/cjs/loader.js:653:32)
    at tryModuleLoad (internal/modules/cjs/loader.js:593:12)
    at Function.Module._load (internal/modules/cjs/loader.js:585:3)
    at Module.require (internal/modules/cjs/loader.js:692:17)
    at require (internal/modules/cjs/helpers.js:25:18)
    at Object.<anonymous> (/home/ftsurncp/pakistanbranding.com/routes/index.js:206:5)
    at Module._compile (internal/modules/cjs/loader.js:778:30)
    at Object.Module._extensions..js (internal/modules/cjs/loader.js:789:10)
    at Module.load (internal/modules/cjs/loader.js:653:32)
    at tryModuleLoad (internal/modules/cjs/loader.js:593:12)
    at Function.Module._load (internal/modules/cjs/loader.js:585:3)
    at Module.require (internal/modules/cjs/loader.js:692:17)
    at require (internal/modules/cjs/helpers.js:25:18)
    at Object.<anonymous> (/home/ftsurncp/pakistanbranding.com/app.js:29:15)
express-validator: requires to express-validator/check are deprecated.You should just use require("express-validator") instead.
/home/ftsurncp/pakistanbranding.com/controllers/index.js:81
              arr[i][arr[i].length - 1]?.createdAt &&
                                        ^

SyntaxError: Unexpected token .
    at Module._compile (internal/modules/cjs/loader.js:723:23)
    at Object.Module._extensions..js (internal/modules/cjs/loader.js:789:10)
    at Module.load (internal/modules/cjs/loader.js:653:32)
    at tryModuleLoad (internal/modules/cjs/loader.js:593:12)
    at Function.Module._load (internal/modules/cjs/loader.js:585:3)
    at Module.require (internal/modules/cjs/loader.js:692:17)
    at require (internal/modules/cjs/helpers.js:25:18)
    at Object.<anonymous> (/home/ftsurncp/pakistanbranding.com/routes/index.js:206:5)
    at Module._compile (internal/modules/cjs/loader.js:778:30)
    at Object.Module._extensions..js (internal/modules/cjs/loader.js:789:10)
    at Module.load (internal/modules/cjs/loader.js:653:32)
    at tryModuleLoad (internal/modules/cjs/loader.js:593:12)
    at Function.Module._load (internal/modules/cjs/loader.js:585:3)
    at Module.require (internal/modules/cjs/loader.js:692:17)
    at require (internal/modules/cjs/helpers.js:25:18)
    at Object.<anonymous> (/home/ftsurncp/pakistanbranding.com/app.js:29:15)
express-validator: requires to express-validator/check are deprecated.You should just use require("express-validator") instead.
/home/ftsurncp/pakistanbranding.com/controllers/index.js:81
              arr[i][arr[i].length - 1]?.createdAt &&
                                        ^

SyntaxError: Unexpected token .
    at Module._compile (internal/modules/cjs/loader.js:723:23)
    at Object.Module._extensions..js (internal/modules/cjs/loader.js:789:10)
    at Module.load (internal/modules/cjs/loader.js:653:32)
    at tryModuleLoad (internal/modules/cjs/loader.js:593:12)
    at Function.Module._load (internal/modules/cjs/loader.js:585:3)
    at Module.require (internal/modules/cjs/loader.js:692:17)
    at require (internal/modules/cjs/helpers.js:25:18)
    at Object.<anonymous> (/home/ftsurncp/pakistanbranding.com/routes/index.js:206:5)
    at Module._compile (internal/modules/cjs/loader.js:778:30)
    at Object.Module._extensions..js (internal/modules/cjs/loader.js:789:10)
    at Module.load (internal/modules/cjs/loader.js:653:32)
    at tryModuleLoad (internal/modules/cjs/loader.js:593:12)
    at Function.Module._load (internal/modules/cjs/loader.js:585:3)
    at Module.require (internal/modules/cjs/loader.js:692:17)
    at require (internal/modules/cjs/helpers.js:25:18)
    at Object.<anonymous> (/home/ftsurncp/pakistanbranding.com/app.js:29:15)
express-validator: requires to express-validator/check are deprecated.You should just use require("express-validator") instead.
/home/ftsurncp/pakistanbranding.com/controllers/index.js:81
              arr[i][arr[i].length - 1]?.createdAt &&
                                        ^

SyntaxError: Unexpected token .
    at Module._compile (internal/modules/cjs/loader.js:723:23)
    at Object.Module._extensions..js (internal/modules/cjs/loader.js:789:10)
    at Module.load (internal/modules/cjs/loader.js:653:32)
    at tryModuleLoad (internal/modules/cjs/loader.js:593:12)
    at Function.Module._load (internal/modules/cjs/loader.js:585:3)
    at Module.require (internal/modules/cjs/loader.js:692:17)
    at require (internal/modules/cjs/helpers.js:25:18)
    at Object.<anonymous> (/home/ftsurncp/pakistanbranding.com/routes/index.js:206:5)
    at Module._compile (internal/modules/cjs/loader.js:778:30)
    at Object.Module._extensions..js (internal/modules/cjs/loader.js:789:10)
    at Module.load (internal/modules/cjs/loader.js:653:32)
    at tryModuleLoad (internal/modules/cjs/loader.js:593:12)
    at Function.Module._load (internal/modules/cjs/loader.js:585:3)
    at Module.require (internal/modules/cjs/loader.js:692:17)
    at require (internal/modules/cjs/helpers.js:25:18)
    at Object.<anonymous> (/home/ftsurncp/pakistanbranding.com/app.js:29:15)
express-validator: requires to express-validator/check are deprecated.You should just use require("express-validator") instead.
/home/ftsurncp/pakistanbranding.com/controllers/index.js:81
              arr[i][arr[i].length - 1]?.createdAt &&
                                        ^

SyntaxError: Unexpected token .
    at Module._compile (internal/modules/cjs/loader.js:723:23)
    at Object.Module._extensions..js (internal/modules/cjs/loader.js:789:10)
    at Module.load (internal/modules/cjs/loader.js:653:32)
    at tryModuleLoad (internal/modules/cjs/loader.js:593:12)
    at Function.Module._load (internal/modules/cjs/loader.js:585:3)
    at Module.require (internal/modules/cjs/loader.js:692:17)
    at require (internal/modules/cjs/helpers.js:25:18)
    at Object.<anonymous> (/home/ftsurncp/pakistanbranding.com/routes/index.js:206:5)
    at Module._compile (internal/modules/cjs/loader.js:778:30)
    at Object.Module._extensions..js (internal/modules/cjs/loader.js:789:10)
    at Module.load (internal/modules/cjs/loader.js:653:32)
    at tryModuleLoad (internal/modules/cjs/loader.js:593:12)
    at Function.Module._load (internal/modules/cjs/loader.js:585:3)
    at Module.require (internal/modules/cjs/loader.js:692:17)
    at require (internal/modules/cjs/helpers.js:25:18)
    at Object.<anonymous> (/home/ftsurncp/pakistanbranding.com/app.js:29:15)
express-validator: requires to express-validator/check are deprecated.You should just use require("express-validator") instead.
/home/ftsurncp/pakistanbranding.com/controllers/index.js:81
              arr[i][arr[i].length - 1]?.createdAt &&
                                        ^

SyntaxError: Unexpected token .
    at Module._compile (internal/modules/cjs/loader.js:723:23)
    at Object.Module._extensions..js (internal/modules/cjs/loader.js:789:10)
    at Module.load (internal/modules/cjs/loader.js:653:32)
    at tryModuleLoad (internal/modules/cjs/loader.js:593:12)
    at Function.Module._load (internal/modules/cjs/loader.js:585:3)
    at Module.require (internal/modules/cjs/loader.js:692:17)
    at require (internal/modules/cjs/helpers.js:25:18)
    at Object.<anonymous> (/home/ftsurncp/pakistanbranding.com/routes/index.js:206:5)
    at Module._compile (internal/modules/cjs/loader.js:778:30)
    at Object.Module._extensions..js (internal/modules/cjs/loader.js:789:10)
    at Module.load (internal/modules/cjs/loader.js:653:32)
    at tryModuleLoad (internal/modules/cjs/loader.js:593:12)
    at Function.Module._load (internal/modules/cjs/loader.js:585:3)
    at Module.require (internal/modules/cjs/loader.js:692:17)
    at require (internal/modules/cjs/helpers.js:25:18)
    at Object.<anonymous> (/home/ftsurncp/pakistanbranding.com/app.js:29:15)
express-validator: requires to express-validator/check are deprecated.You should just use require("express-validator") instead.
/home/ftsurncp/pakistanbranding.com/controllers/index.js:81
              arr[i][arr[i].length - 1]?.createdAt &&
                                        ^

SyntaxError: Unexpected token .
    at Module._compile (internal/modules/cjs/loader.js:723:23)
    at Object.Module._extensions..js (internal/modules/cjs/loader.js:789:10)
    at Module.load (internal/modules/cjs/loader.js:653:32)
    at tryModuleLoad (internal/modules/cjs/loader.js:593:12)
    at Function.Module._load (internal/modules/cjs/loader.js:585:3)
    at Module.require (internal/modules/cjs/loader.js:692:17)
    at require (internal/modules/cjs/helpers.js:25:18)
    at Object.<anonymous> (/home/ftsurncp/pakistanbranding.com/routes/index.js:206:5)
    at Module._compile (internal/modules/cjs/loader.js:778:30)
    at Object.Module._extensions..js (internal/modules/cjs/loader.js:789:10)
    at Module.load (internal/modules/cjs/loader.js:653:32)
    at tryModuleLoad (internal/modules/cjs/loader.js:593:12)
    at Function.Module._load (internal/modules/cjs/loader.js:585:3)
    at Module.require (internal/modules/cjs/loader.js:692:17)
    at require (internal/modules/cjs/helpers.js:25:18)
    at Object.<anonymous> (/home/ftsurncp/pakistanbranding.com/app.js:29:15)
express-validator: requires to express-validator/check are deprecated.You should just use require("express-validator") instead.
/home/ftsurncp/pakistanbranding.com/controllers/index.js:81
              arr[i][arr[i].length - 1]?.createdAt &&
                                        ^

SyntaxError: Unexpected token .
    at Module._compile (internal/modules/cjs/loader.js:723:23)
    at Object.Module._extensions..js (internal/modules/cjs/loader.js:789:10)
    at Module.load (internal/modules/cjs/loader.js:653:32)
    at tryModuleLoad (internal/modules/cjs/loader.js:593:12)
    at Function.Module._load (internal/modules/cjs/loader.js:585:3)
    at Module.require (internal/modules/cjs/loader.js:692:17)
    at require (internal/modules/cjs/helpers.js:25:18)
    at Object.<anonymous> (/home/ftsurncp/pakistanbranding.com/routes/index.js:206:5)
    at Module._compile (internal/modules/cjs/loader.js:778:30)
    at Object.Module._extensions..js (internal/modules/cjs/loader.js:789:10)
    at Module.load (internal/modules/cjs/loader.js:653:32)
    at tryModuleLoad (internal/modules/cjs/loader.js:593:12)
    at Function.Module._load (internal/modules/cjs/loader.js:585:3)
    at Module.require (internal/modules/cjs/loader.js:692:17)
    at require (internal/modules/cjs/helpers.js:25:18)
    at Object.<anonymous> (/home/ftsurncp/pakistanbranding.com/app.js:29:15)
express-validator: requires to express-validator/check are deprecated.You should just use require("express-validator") instead.
/home/ftsurncp/pakistanbranding.com/controllers/index.js:81
              arr[i][arr[i].length - 1]?.createdAt &&
                                        ^

SyntaxError: Unexpected token .
    at Module._compile (internal/modules/cjs/loader.js:723:23)
    at Object.Module._extensions..js (internal/modules/cjs/loader.js:789:10)
    at Module.load (internal/modules/cjs/loader.js:653:32)
    at tryModuleLoad (internal/modules/cjs/loader.js:593:12)
    at Function.Module._load (internal/modules/cjs/loader.js:585:3)
    at Module.require (internal/modules/cjs/loader.js:692:17)
    at require (internal/modules/cjs/helpers.js:25:18)
    at Object.<anonymous> (/home/ftsurncp/pakistanbranding.com/routes/index.js:206:5)
    at Module._compile (internal/modules/cjs/loader.js:778:30)
    at Object.Module._extensions..js (internal/modules/cjs/loader.js:789:10)
    at Module.load (internal/modules/cjs/loader.js:653:32)
    at tryModuleLoad (internal/modules/cjs/loader.js:593:12)
    at Function.Module._load (internal/modules/cjs/loader.js:585:3)
    at Module.require (internal/modules/cjs/loader.js:692:17)
    at require (internal/modules/cjs/helpers.js:25:18)
    at Object.<anonymous> (/home/ftsurncp/pakistanbranding.com/app.js:29:15)
express-validator: requires to express-validator/check are deprecated.You should just use require("express-validator") instead.
/home/ftsurncp/pakistanbranding.com/controllers/index.js:81
              arr[i][arr[i].length - 1]?.createdAt &&
                                        ^

SyntaxError: Unexpected token .
    at Module._compile (internal/modules/cjs/loader.js:723:23)
    at Object.Module._extensions..js (internal/modules/cjs/loader.js:789:10)
    at Module.load (internal/modules/cjs/loader.js:653:32)
    at tryModuleLoad (internal/modules/cjs/loader.js:593:12)
    at Function.Module._load (internal/modules/cjs/loader.js:585:3)
    at Module.require (internal/modules/cjs/loader.js:692:17)
    at require (internal/modules/cjs/helpers.js:25:18)
    at Object.<anonymous> (/home/ftsurncp/pakistanbranding.com/routes/index.js:206:5)
    at Module._compile (internal/modules/cjs/loader.js:778:30)
    at Object.Module._extensions..js (internal/modules/cjs/loader.js:789:10)
    at Module.load (internal/modules/cjs/loader.js:653:32)
    at tryModuleLoad (internal/modules/cjs/loader.js:593:12)
    at Function.Module._load (internal/modules/cjs/loader.js:585:3)
    at Module.require (internal/modules/cjs/loader.js:692:17)
    at require (internal/modules/cjs/helpers.js:25:18)
    at Object.<anonymous> (/home/ftsurncp/pakistanbranding.com/app.js:29:15)
express-validator: requires to express-validator/check are deprecated.You should just use require("express-validator") instead.
/home/ftsurncp/pakistanbranding.com/controllers/index.js:81
              arr[i][arr[i].length - 1]?.createdAt &&
                                        ^

SyntaxError: Unexpected token .
    at Module._compile (internal/modules/cjs/loader.js:723:23)
    at Object.Module._extensions..js (internal/modules/cjs/loader.js:789:10)
    at Module.load (internal/modules/cjs/loader.js:653:32)
    at tryModuleLoad (internal/modules/cjs/loader.js:593:12)
    at Function.Module._load (internal/modules/cjs/loader.js:585:3)
    at Module.require (internal/modules/cjs/loader.js:692:17)
    at require (internal/modules/cjs/helpers.js:25:18)
    at Object.<anonymous> (/home/ftsurncp/pakistanbranding.com/routes/index.js:206:5)
    at Module._compile (internal/modules/cjs/loader.js:778:30)
    at Object.Module._extensions..js (internal/modules/cjs/loader.js:789:10)
    at Module.load (internal/modules/cjs/loader.js:653:32)
    at tryModuleLoad (internal/modules/cjs/loader.js:593:12)
    at Function.Module._load (internal/modules/cjs/loader.js:585:3)
    at Module.require (internal/modules/cjs/loader.js:692:17)
    at require (internal/modules/cjs/helpers.js:25:18)
    at Object.<anonymous> (/home/ftsurncp/pakistanbranding.com/app.js:29:15)
express-validator: requires to express-validator/check are deprecated.You should just use require("express-validator") instead.
/home/ftsurncp/pakistanbranding.com/controllers/index.js:81
              arr[i][arr[i].length - 1]?.createdAt &&
                                        ^

SyntaxError: Unexpected token .
    at Module._compile (internal/modules/cjs/loader.js:723:23)
    at Object.Module._extensions..js (internal/modules/cjs/loader.js:789:10)
    at Module.load (internal/modules/cjs/loader.js:653:32)
    at tryModuleLoad (internal/modules/cjs/loader.js:593:12)
    at Function.Module._load (internal/modules/cjs/loader.js:585:3)
    at Module.require (internal/modules/cjs/loader.js:692:17)
    at require (internal/modules/cjs/helpers.js:25:18)
    at Object.<anonymous> (/home/ftsurncp/pakistanbranding.com/routes/index.js:206:5)
    at Module._compile (internal/modules/cjs/loader.js:778:30)
    at Object.Module._extensions..js (internal/modules/cjs/loader.js:789:10)
    at Module.load (internal/modules/cjs/loader.js:653:32)
    at tryModuleLoad (internal/modules/cjs/loader.js:593:12)
    at Function.Module._load (internal/modules/cjs/loader.js:585:3)
    at Module.require (internal/modules/cjs/loader.js:692:17)
    at require (internal/modules/cjs/helpers.js:25:18)
    at Object.<anonymous> (/home/ftsurncp/pakistanbranding.com/app.js:29:15)
express-validator: requires to express-validator/check are deprecated.You should just use require("express-validator") instead.
/home/ftsurncp/pakistanbranding.com/controllers/index.js:81
              arr[i][arr[i].length - 1]?.createdAt &&
                                        ^

SyntaxError: Unexpected token .
    at Module._compile (internal/modules/cjs/loader.js:723:23)
    at Object.Module._extensions..js (internal/modules/cjs/loader.js:789:10)
    at Module.load (internal/modules/cjs/loader.js:653:32)
    at tryModuleLoad (internal/modules/cjs/loader.js:593:12)
    at Function.Module._load (internal/modules/cjs/loader.js:585:3)
    at Module.require (internal/modules/cjs/loader.js:692:17)
    at require (internal/modules/cjs/helpers.js:25:18)
    at Object.<anonymous> (/home/ftsurncp/pakistanbranding.com/routes/index.js:206:5)
    at Module._compile (internal/modules/cjs/loader.js:778:30)
    at Object.Module._extensions..js (internal/modules/cjs/loader.js:789:10)
    at Module.load (internal/modules/cjs/loader.js:653:32)
    at tryModuleLoad (internal/modules/cjs/loader.js:593:12)
    at Function.Module._load (internal/modules/cjs/loader.js:585:3)
    at Module.require (internal/modules/cjs/loader.js:692:17)
    at require (internal/modules/cjs/helpers.js:25:18)
    at Object.<anonymous> (/home/ftsurncp/pakistanbranding.com/app.js:29:15)
express-validator: requires to express-validator/check are deprecated.You should just use require("express-validator") instead.
/home/ftsurncp/pakistanbranding.com/controllers/index.js:81
              arr[i][arr[i].length - 1]?.createdAt &&
                                        ^

SyntaxError: Unexpected token .
    at Module._compile (internal/modules/cjs/loader.js:723:23)
    at Object.Module._extensions..js (internal/modules/cjs/loader.js:789:10)
    at Module.load (internal/modules/cjs/loader.js:653:32)
    at tryModuleLoad (internal/modules/cjs/loader.js:593:12)
    at Function.Module._load (internal/modules/cjs/loader.js:585:3)
    at Module.require (internal/modules/cjs/loader.js:692:17)
    at require (internal/modules/cjs/helpers.js:25:18)
    at Object.<anonymous> (/home/ftsurncp/pakistanbranding.com/routes/index.js:206:5)
    at Module._compile (internal/modules/cjs/loader.js:778:30)
    at Object.Module._extensions..js (internal/modules/cjs/loader.js:789:10)
    at Module.load (internal/modules/cjs/loader.js:653:32)
    at tryModuleLoad (internal/modules/cjs/loader.js:593:12)
    at Function.Module._load (internal/modules/cjs/loader.js:585:3)
    at Module.require (internal/modules/cjs/loader.js:692:17)
    at require (internal/modules/cjs/helpers.js:25:18)
    at Object.<anonymous> (/home/ftsurncp/pakistanbranding.com/app.js:29:15)
express-validator: requires to express-validator/check are deprecated.You should just use require("express-validator") instead.
/home/ftsurncp/pakistanbranding.com/controllers/index.js:81
              arr[i][arr[i].length - 1]?.createdAt &&
                                        ^

SyntaxError: Unexpected token .
    at Module._compile (internal/modules/cjs/loader.js:723:23)
    at Object.Module._extensions..js (internal/modules/cjs/loader.js:789:10)
    at Module.load (internal/modules/cjs/loader.js:653:32)
    at tryModuleLoad (internal/modules/cjs/loader.js:593:12)
    at Function.Module._load (internal/modules/cjs/loader.js:585:3)
    at Module.require (internal/modules/cjs/loader.js:692:17)
    at require (internal/modules/cjs/helpers.js:25:18)
    at Object.<anonymous> (/home/ftsurncp/pakistanbranding.com/routes/index.js:206:5)
    at Module._compile (internal/modules/cjs/loader.js:778:30)
    at Object.Module._extensions..js (internal/modules/cjs/loader.js:789:10)
    at Module.load (internal/modules/cjs/loader.js:653:32)
    at tryModuleLoad (internal/modules/cjs/loader.js:593:12)
    at Function.Module._load (internal/modules/cjs/loader.js:585:3)
    at Module.require (internal/modules/cjs/loader.js:692:17)
    at require (internal/modules/cjs/helpers.js:25:18)
    at Object.<anonymous> (/home/ftsurncp/pakistanbranding.com/app.js:29:15)
express-validator: requires to express-validator/check are deprecated.You should just use require("express-validator") instead.
/home/ftsurncp/pakistanbranding.com/controllers/index.js:81
              arr[i][arr[i].length - 1]?.createdAt &&
                                        ^

SyntaxError: Unexpected token .
    at Module._compile (internal/modules/cjs/loader.js:723:23)
    at Object.Module._extensions..js (internal/modules/cjs/loader.js:789:10)
    at Module.load (internal/modules/cjs/loader.js:653:32)
    at tryModuleLoad (internal/modules/cjs/loader.js:593:12)
    at Function.Module._load (internal/modules/cjs/loader.js:585:3)
    at Module.require (internal/modules/cjs/loader.js:692:17)
    at require (internal/modules/cjs/helpers.js:25:18)
    at Object.<anonymous> (/home/ftsurncp/pakistanbranding.com/routes/index.js:206:5)
    at Module._compile (internal/modules/cjs/loader.js:778:30)
    at Object.Module._extensions..js (internal/modules/cjs/loader.js:789:10)
    at Module.load (internal/modules/cjs/loader.js:653:32)
    at tryModuleLoad (internal/modules/cjs/loader.js:593:12)
    at Function.Module._load (internal/modules/cjs/loader.js:585:3)
    at Module.require (internal/modules/cjs/loader.js:692:17)
    at require (internal/modules/cjs/helpers.js:25:18)
    at Object.<anonymous> (/home/ftsurncp/pakistanbranding.com/app.js:29:15)
internal/modules/cjs/loader.js:883
  throw err;
  ^

Error: Cannot find module 'dotenv'
Require stack:
- /home/ftsurncp/pakistanbranding.com/app.js
- /usr/local/lsws/fcgi-bin/lsnode.js
    at Function.Module._resolveFilename (internal/modules/cjs/loader.js:880:15)
    at Function.Module._load (internal/modules/cjs/loader.js:725:27)
    at Module.require (internal/modules/cjs/loader.js:952:19)
    at require (internal/modules/cjs/helpers.js:88:18)
    at Object.<anonymous> (/home/ftsurncp/pakistanbranding.com/app.js:1:1)
    at Module._compile (internal/modules/cjs/loader.js:1063:30)
    at Object.Module._extensions..js (internal/modules/cjs/loader.js:1092:10)
    at Module.load (internal/modules/cjs/loader.js:928:32)
    at Function.Module._load (internal/modules/cjs/loader.js:769:14)
    at Module.require (internal/modules/cjs/loader.js:952:19) {
  code: 'MODULE_NOT_FOUND',
  requireStack: [
    '/home/ftsurncp/pakistanbranding.com/app.js',
    '/usr/local/lsws/fcgi-bin/lsnode.js'
  ]
}
internal/modules/cjs/loader.js:883
  throw err;
  ^

Error: Cannot find module 'dotenv'
Require stack:
- /home/ftsurncp/pakistanbranding.com/app.js
- /usr/local/lsws/fcgi-bin/lsnode.js
    at Function.Module._resolveFilename (internal/modules/cjs/loader.js:880:15)
    at Function.Module._load (internal/modules/cjs/loader.js:725:27)
    at Module.require (internal/modules/cjs/loader.js:952:19)
    at require (internal/modules/cjs/helpers.js:88:18)
    at Object.<anonymous> (/home/ftsurncp/pakistanbranding.com/app.js:1:1)
    at Module._compile (internal/modules/cjs/loader.js:1063:30)
    at Object.Module._extensions..js (internal/modules/cjs/loader.js:1092:10)
    at Module.load (internal/modules/cjs/loader.js:928:32)
    at Function.Module._load (internal/modules/cjs/loader.js:769:14)
    at Module.require (internal/modules/cjs/loader.js:952:19) {
  code: 'MODULE_NOT_FOUND',
  requireStack: [
    '/home/ftsurncp/pakistanbranding.com/app.js',
    '/usr/local/lsws/fcgi-bin/lsnode.js'
  ]
}
internal/modules/cjs/loader.js:883
  throw err;
  ^

Error: Cannot find module 'dotenv'
Require stack:
- /home/ftsurncp/pakistanbranding.com/app.js
- /usr/local/lsws/fcgi-bin/lsnode.js
    at Function.Module._resolveFilename (internal/modules/cjs/loader.js:880:15)
    at Function.Module._load (internal/modules/cjs/loader.js:725:27)
    at Module.require (internal/modules/cjs/loader.js:952:19)
    at require (internal/modules/cjs/helpers.js:88:18)
    at Object.<anonymous> (/home/ftsurncp/pakistanbranding.com/app.js:1:1)
    at Module._compile (internal/modules/cjs/loader.js:1063:30)
    at Object.Module._extensions..js (internal/modules/cjs/loader.js:1092:10)
    at Module.load (internal/modules/cjs/loader.js:928:32)
    at Function.Module._load (internal/modules/cjs/loader.js:769:14)
    at Module.require (internal/modules/cjs/loader.js:952:19) {
  code: 'MODULE_NOT_FOUND',
  requireStack: [
    '/home/ftsurncp/pakistanbranding.com/app.js',
    '/usr/local/lsws/fcgi-bin/lsnode.js'
  ]
}
internal/modules/cjs/loader.js:883
  throw err;
  ^

Error: Cannot find module 'dotenv'
Require stack:
- /home/ftsurncp/pakistanbranding.com/app.js
- /usr/local/lsws/fcgi-bin/lsnode.js
    at Function.Module._resolveFilename (internal/modules/cjs/loader.js:880:15)
    at Function.Module._load (internal/modules/cjs/loader.js:725:27)
    at Module.require (internal/modules/cjs/loader.js:952:19)
    at require (internal/modules/cjs/helpers.js:88:18)
    at Object.<anonymous> (/home/ftsurncp/pakistanbranding.com/app.js:1:1)
    at Module._compile (internal/modules/cjs/loader.js:1063:30)
    at Object.Module._extensions..js (internal/modules/cjs/loader.js:1092:10)
    at Module.load (internal/modules/cjs/loader.js:928:32)
    at Function.Module._load (internal/modules/cjs/loader.js:769:14)
    at Module.require (internal/modules/cjs/loader.js:952:19) {
  code: 'MODULE_NOT_FOUND',
  requireStack: [
    '/home/ftsurncp/pakistanbranding.com/app.js',
    '/usr/local/lsws/fcgi-bin/lsnode.js'
  ]
}
internal/modules/cjs/loader.js:883
  throw err;
  ^

Error: Cannot find module 'dotenv'
Require stack:
- /home/ftsurncp/pakistanbranding.com/app.js
- /usr/local/lsws/fcgi-bin/lsnode.js
    at Function.Module._resolveFilename (internal/modules/cjs/loader.js:880:15)
    at Function.Module._load (internal/modules/cjs/loader.js:725:27)
    at Module.require (internal/modules/cjs/loader.js:952:19)
    at require (internal/modules/cjs/helpers.js:88:18)
    at Object.<anonymous> (/home/ftsurncp/pakistanbranding.com/app.js:1:1)
    at Module._compile (internal/modules/cjs/loader.js:1063:30)
    at Object.Module._extensions..js (internal/modules/cjs/loader.js:1092:10)
    at Module.load (internal/modules/cjs/loader.js:928:32)
    at Function.Module._load (internal/modules/cjs/loader.js:769:14)
    at Module.require (internal/modules/cjs/loader.js:952:19) {
  code: 'MODULE_NOT_FOUND',
  requireStack: [
    '/home/ftsurncp/pakistanbranding.com/app.js',
    '/usr/local/lsws/fcgi-bin/lsnode.js'
  ]
}
express-validator: requires to express-validator/check are deprecated.You should just use require("express-validator") instead.
express-validator: requires to express-validator/check are deprecated.You should just use require("express-validator") instead.
express-validator: requires to express-validator/check are deprecated.You should just use require("express-validator") instead.
express-validator: requires to express-validator/check are deprecated.You should just use require("express-validator") instead.
(node:912201) UnhandledPromiseRejectionWarning: MongooseServerSelectionError: Could not connect to any servers in your MongoDB Atlas cluster. One common reason is that you're trying to access the database from an IP that isn't whitelisted. Make sure your current IP address is on your Atlas cluster's IP whitelist: https://docs.atlas.mongodb.com/security-whitelist/
    at Function.Model.$wrapCallback (/home/ftsurncp/nodevenv/pakistanbranding.com/14/lib/node_modules/mongoose/lib/model.js:5078:32)
    at /home/ftsurncp/nodevenv/pakistanbranding.com/14/lib/node_modules/mongoose/lib/query.js:4510:21
    at /home/ftsurncp/nodevenv/pakistanbranding.com/14/lib/node_modules/mongoose/lib/helpers/promiseOrCallback.js:32:5
    at new Promise (<anonymous>)
    at promiseOrCallback (/home/ftsurncp/nodevenv/pakistanbranding.com/14/lib/node_modules/mongoose/lib/helpers/promiseOrCallback.js:31:10)
    at model.Query.exec (/home/ftsurncp/nodevenv/pakistanbranding.com/14/lib/node_modules/mongoose/lib/query.js:4509:10)
    at /home/ftsurncp/pakistanbranding.com/app.js:245:6
    at Layer.handle [as handle_request] (/home/ftsurncp/nodevenv/pakistanbranding.com/14/lib/node_modules/express/lib/router/layer.js:95:5)
    at trim_prefix (/home/ftsurncp/nodevenv/pakistanbranding.com/14/lib/node_modules/express/lib/router/index.js:317:13)
    at /home/ftsurncp/nodevenv/pakistanbranding.com/14/lib/node_modules/express/lib/router/index.js:284:7
    at Function.process_params (/home/ftsurncp/nodevenv/pakistanbranding.com/14/lib/node_modules/express/lib/router/index.js:335:12)
    at next (/home/ftsurncp/nodevenv/pakistanbranding.com/14/lib/node_modules/express/lib/router/index.js:275:10)
    at SessionStrategy.strategy.pass (/home/ftsurncp/nodevenv/pakistanbranding.com/14/lib/node_modules/passport/lib/middleware/authenticate.js:343:9)
    at SessionStrategy.authenticate (/home/ftsurncp/nodevenv/pakistanbranding.com/14/lib/node_modules/passport/lib/strategies/session.js:75:10)
    at attempt (/home/ftsurncp/nodevenv/pakistanbranding.com/14/lib/node_modules/passport/lib/middleware/authenticate.js:366:16)
    at authenticate (/home/ftsurncp/nodevenv/pakistanbranding.com/14/lib/node_modules/passport/lib/middleware/authenticate.js:367:7)
(Use `node --trace-warnings ...` to show where the warning was created)
(node:912201) UnhandledPromiseRejectionWarning: Unhandled promise rejection. This error originated either by throwing inside of an async function without a catch block, or by rejecting a promise which was not handled with .catch(). To terminate the node process on unhandled promise rejection, use the CLI flag `--unhandled-rejections=strict` (see https://nodejs.org/api/cli.html#cli_unhandled_rejections_mode). (rejection id: 1)
(node:912201) [DEP0018] DeprecationWarning: Unhandled promise rejections are deprecated. In the future, promise rejections that are not handled will terminate the Node.js process with a non-zero exit code.
express-validator: requires to express-validator/check are deprecated.You should just use require("express-validator") instead.
